[2026-01-16 20:31:01] [INFO] [Main] 启动程序
[2026-01-16 20:31:01] [INFO] [Main] --核心启动--
[2026-01-16 20:31:01] [INFO] [Main] 启动自检
[2026-01-16 20:31:01] [INFO] [Main] OllamaClient, 自检响应成功
[2026-01-16 20:31:03] [INFO] [Main] --核心启动完成--
[2026-01-16 20:31:05] [INFO] [Main] 接收到来自('127.0.0.1', 61943)的指令：{'addr': 'AssCmd', 'cmd': 'send', 'msg': ['今天天气真热', '小平同学开空调', '晚上吃什么好', '小平同学查食谱', '明天要开会', '小平同学设提醒', '手机没电了', '小平同学找充电器', '路上堵车', '小平同学查路况', '这个电影好看', '小平同学搜影评', '作业不会写', '小平同学辅导我', '饿了', '小平同学订外卖']}
[2026-01-16 20:31:05] [INFO] [Main] 接收到指令：{'addr': 'AssCmd', 'cmd': 'send', 'msg': ['今天天气真热', '小平同学开空调', '晚上吃什么好', '小平同学查食谱', '明天要开会', '小平同学设提醒', '手机没电了', '小平同学找充电器', '路上堵车', '小平同学查路况', '这个电影好看', '小平同学搜影评', '作业不会写', '小平同学辅导我', '饿了', '小平同学订外卖']}
[2026-01-16 20:31:05] [INFO] [Main] 执行指令：发送消息
[2026-01-16 20:35:13] [INFO] [Main] 启动程序
[2026-01-16 20:35:13] [INFO] [Main] --核心启动--
[2026-01-16 20:35:13] [INFO] [Main] 启动自检
[2026-01-16 20:35:13] [INFO] [Main] OllamaClient, 自检响应成功
[2026-01-16 20:35:15] [INFO] [Main] --核心启动完成--
[2026-01-16 20:35:17] [INFO] [Main] 接收到来自('127.0.0.1', 61943)的指令：{'addr': 'AssCmd', 'cmd': 'send', 'msg': ['今天天气真热', '小平同学开空调', '晚上吃什么好', '小平同学查食谱', '明天要开会', '小平同学设提醒', '手机没电了', '小平同学找充电器', '路上堵车', '小平同学查路况', '这个电影好看', '小平同学搜影评', '作业不会写', '小平同学辅导我', '饿了', '小平同学订外卖']}
[2026-01-16 20:35:17] [INFO] [Main] 接收到指令：{'addr': 'AssCmd', 'cmd': 'send', 'msg': ['今天天气真热', '小平同学开空调', '晚上吃什么好', '小平同学查食谱', '明天要开会', '小平同学设提醒', '手机没电了', '小平同学找充电器', '路上堵车', '小平同学查路况', '这个电影好看', '小平同学搜影评', '作业不会写', '小平同学辅导我', '饿了', '小平同学订外卖']}
[2026-01-16 20:35:17] [INFO] [Main] 执行指令：发送消息
[2026-01-16 21:41:27] [INFO] [Main] 启动程序
[2026-01-16 21:41:27] [INFO] [Main] --核心启动--
[2026-01-16 21:41:27] [INFO] [Main] 启动自检
[2026-01-16 21:41:27] [INFO] [Main] OllamaClient, 自检响应成功
[2026-01-16 21:41:29] [INFO] [Main] --核心启动完成--
[2026-01-16 21:41:31] [INFO] [Main] 接收到来自('127.0.0.1', 61943)的指令：{'addr': 'AssCmd', 'cmd': 'send', 'msg': ['小平同学帮我切换下一首歌']}
[2026-01-16 21:41:31] [INFO] [Main] 接收到指令：{'addr': 'AssCmd', 'cmd': 'send', 'msg': ['小平同学帮我切换下一首歌']}
[2026-01-16 21:41:31] [INFO] [Main] 执行指令：发送消息
[2026-01-16 21:44:49] [INFO] [Main] 启动程序
[2026-01-16 21:44:49] [INFO] [Main] --核心启动--
[2026-01-16 21:44:49] [INFO] [Main] 启动自检
[2026-01-16 21:44:49] [INFO] [Main] OllamaClient, 自检响应成功
[2026-01-16 21:44:52] [INFO] [Main] --核心启动完成--
[2026-01-16 21:44:53] [INFO] [Main] 接收到来自('127.0.0.1', 61943)的指令：{'addr': 'AssCmd', 'cmd': 'send', 'msg': ['小平同学帮我切换下一首歌']}
[2026-01-16 21:44:54] [INFO] [Main] 接收到指令：{'addr': 'AssCmd', 'cmd': 'send', 'msg': ['小平同学帮我切换下一首歌']}
[2026-01-16 21:44:54] [INFO] [Main] 执行指令：发送消息
[2026-01-16 21:45:59] [INFO] [Main] 启动程序
[2026-01-16 21:45:59] [INFO] [Main] --核心启动--
[2026-01-16 21:45:59] [INFO] [Main] 启动自检
[2026-01-16 21:45:59] [INFO] [Main] OllamaClient, 自检响应成功
[2026-01-16 21:46:01] [INFO] [Main] --核心启动完成--
[2026-01-16 21:46:04] [INFO] [Main] 接收到来自('127.0.0.1', 61943)的指令：{'addr': 'AssCmd', 'cmd': 'send', 'msg': ['小平同学帮我切换下一首歌']}
[2026-01-16 21:46:04] [INFO] [Main] 接收到指令：{'addr': 'AssCmd', 'cmd': 'send', 'msg': ['小平同学帮我切换下一首歌']}
[2026-01-16 21:46:04] [INFO] [Main] 执行指令：发送消息
[2026-01-16 21:52:56] [INFO] [Main] 启动程序
[2026-01-16 21:52:56] [INFO] [Main] --核心启动--
[2026-01-16 21:52:56] [INFO] [Main] 启动自检
[2026-01-16 21:52:56] [INFO] [Main] OllamaClient, 自检响应成功
[2026-01-16 21:52:58] [INFO] [Main] --核心启动完成--
[2026-01-16 21:53:03] [INFO] [Main] 接收到来自('127.0.0.1', 61943)的指令：{'addr': 'AssCmd', 'cmd': 'send', 'msg': ['小平同学帮我切换下一首歌']}
[2026-01-16 21:53:03] [INFO] [Main] 接收到指令：{'addr': 'AssCmd', 'cmd': 'send', 'msg': ['小平同学帮我切换下一首歌']}
[2026-01-16 21:53:03] [INFO] [Main] 执行指令：发送消息
